<?xml version="1.0" encoding="UTF-8"?>
<testng-results skipped="0" failed="2" ignored="0" total="4" passed="2">
  <reporter-output>
  </reporter-output>
  <suite name="Suite" duration-ms="91201" started-at="2020-12-04T02:27:16Z" finished-at="2020-12-04T02:28:47Z">
    <groups>
    </groups>
    <test name="Test" duration-ms="91201" started-at="2020-12-04T02:27:16Z" finished-at="2020-12-04T02:28:47Z">
      <class name="org.testngprogram.TestNG3">
        <test-method status="PASS" signature="beforeclass()[pri:0, instance:org.testngprogram.TestNG3@6a41eaa2]" name="beforeclass" is-config="true" duration-ms="15539" started-at="2020-12-04T02:27:59Z" finished-at="2020-12-04T02:28:14Z">
          <reporter-output>
          </reporter-output>
        </test-method> <!-- beforeclass -->
        <test-method status="PASS" signature="beforeMethod()[pri:0, instance:org.testngprogram.TestNG3@6a41eaa2]" name="beforeMethod" is-config="true" duration-ms="0" started-at="2020-12-04T02:28:14Z" finished-at="2020-12-04T02:28:14Z">
          <reporter-output>
          </reporter-output>
        </test-method> <!-- beforeMethod -->
        <test-method status="PASS" signature="test(java.lang.String)[pri:0, instance:org.testngprogram.TestNG3@6a41eaa2]" name="test" duration-ms="1273" started-at="2020-12-04T02:28:14Z" finished-at="2020-12-04T02:28:16Z">
          <params>
            <param index="0">
              <value>
                <![CDATA[hbhg@gmail.com]]>
              </value>
            </param>
          </params>
          <reporter-output>
          </reporter-output>
        </test-method> <!-- test -->
        <test-method status="PASS" signature="afterclass()[pri:0, instance:org.testngprogram.TestNG3@6a41eaa2]" name="afterclass" is-config="true" duration-ms="1" started-at="2020-12-04T02:28:16Z" finished-at="2020-12-04T02:28:16Z">
          <reporter-output>
          </reporter-output>
        </test-method> <!-- afterclass -->
        <test-method status="PASS" signature="afterMethod()[pri:0, instance:org.testngprogram.TestNG3@6a41eaa2]" name="afterMethod" is-config="true" duration-ms="0" started-at="2020-12-04T02:28:16Z" finished-at="2020-12-04T02:28:16Z">
          <reporter-output>
          </reporter-output>
        </test-method> <!-- afterMethod -->
      </class> <!-- org.testngprogram.TestNG3 -->
      <class name="org.testngprogram.TestNG2">
        <test-method status="PASS" signature="beforeclass()[pri:0, instance:org.testngprogram.TestNG2@685cb137]" name="beforeclass" is-config="true" duration-ms="25011" started-at="2020-12-04T02:27:31Z" finished-at="2020-12-04T02:27:56Z">
          <reporter-output>
          </reporter-output>
        </test-method> <!-- beforeclass -->
        <test-method status="FAIL" signature="test()[pri:0, instance:org.testngprogram.TestNG2@685cb137]" name="test" duration-ms="2255" started-at="2020-12-04T02:27:56Z" finished-at="2020-12-04T02:27:59Z">
          <exception class="org.openqa.selenium.NoSuchElementException">
            <message>
              <![CDATA[no such element: Unable to locate element: {"method":"xpath","selector":"(//input[@class='IP'])[1]"}
  (Session info: chrome=87.0.4280.88)
For documentation on this error, please visit: https://www.seleniumhq.org/exceptions/no_such_element.html
Build info: version: '3.141.59', revision: 'e82be7d358', time: '2018-11-14T08:17:03'
System info: host: 'USER-PC', ip: '192.168.43.72', os.name: 'Windows 10', os.arch: 'amd64', os.version: '10.0', java.version: '1.8.0_261'
Driver info: org.openqa.selenium.chrome.ChromeDriver
Capabilities {acceptInsecureCerts: false, browserName: chrome, browserVersion: 87.0.4280.88, chrome: {chromedriverVersion: 86.0.4240.22 (398b0743353ff..., userDataDir: C:\Users\user\AppData\Local...}, goog:chromeOptions: {debuggerAddress: localhost:49728}, javascriptEnabled: true, networkConnectionEnabled: false, pageLoadStrategy: normal, platform: WINDOWS, platformName: WINDOWS, proxy: Proxy(), setWindowRect: true, strictFileInteractability: false, timeouts: {implicit: 0, pageLoad: 300000, script: 30000}, unhandledPromptBehavior: dismiss and notify, webauthn:virtualAuthenticators: true}
Session ID: cd6d40345ec5806459fe89ee1c923696
*** Element info: {Using=xpath, value=(//input[@class='IP'])[1]}]]>
            </message>
            <full-stacktrace>
              <![CDATA[org.openqa.selenium.NoSuchElementException: no such element: Unable to locate element: {"method":"xpath","selector":"(//input[@class='IP'])[1]"}
  (Session info: chrome=87.0.4280.88)
For documentation on this error, please visit: https://www.seleniumhq.org/exceptions/no_such_element.html
Build info: version: '3.141.59', revision: 'e82be7d358', time: '2018-11-14T08:17:03'
System info: host: 'USER-PC', ip: '192.168.43.72', os.name: 'Windows 10', os.arch: 'amd64', os.version: '10.0', java.version: '1.8.0_261'
Driver info: org.openqa.selenium.chrome.ChromeDriver
Capabilities {acceptInsecureCerts: false, browserName: chrome, browserVersion: 87.0.4280.88, chrome: {chromedriverVersion: 86.0.4240.22 (398b0743353ff..., userDataDir: C:\Users\user\AppData\Local...}, goog:chromeOptions: {debuggerAddress: localhost:49728}, javascriptEnabled: true, networkConnectionEnabled: false, pageLoadStrategy: normal, platform: WINDOWS, platformName: WINDOWS, proxy: Proxy(), setWindowRect: true, strictFileInteractability: false, timeouts: {implicit: 0, pageLoad: 300000, script: 30000}, unhandledPromptBehavior: dismiss and notify, webauthn:virtualAuthenticators: true}
Session ID: cd6d40345ec5806459fe89ee1c923696
*** Element info: {Using=xpath, value=(//input[@class='IP'])[1]}
at sun.reflect.NativeConstructorAccessorImpl.newInstance0(Native Method)
at sun.reflect.NativeConstructorAccessorImpl.newInstance(Unknown Source)
at sun.reflect.DelegatingConstructorAccessorImpl.newInstance(Unknown Source)
at java.lang.reflect.Constructor.newInstance(Unknown Source)
at org.openqa.selenium.remote.http.W3CHttpResponseCodec.createException(W3CHttpResponseCodec.java:187)
at org.openqa.selenium.remote.http.W3CHttpResponseCodec.decode(W3CHttpResponseCodec.java:122)
at org.openqa.selenium.remote.http.W3CHttpResponseCodec.decode(W3CHttpResponseCodec.java:49)
at org.openqa.selenium.remote.HttpCommandExecutor.execute(HttpCommandExecutor.java:158)
at org.openqa.selenium.remote.service.DriverCommandExecutor.execute(DriverCommandExecutor.java:83)
at org.openqa.selenium.remote.RemoteWebDriver.execute(RemoteWebDriver.java:552)
at org.openqa.selenium.remote.RemoteWebDriver.findElement(RemoteWebDriver.java:323)
at org.openqa.selenium.remote.RemoteWebDriver.findElementByXPath(RemoteWebDriver.java:428)
at org.openqa.selenium.By$ByXPath.findElement(By.java:353)
at org.openqa.selenium.remote.RemoteWebDriver.findElement(RemoteWebDriver.java:315)
at org.testngprogram.TestNG2.test(TestNG2.java:50)
at sun.reflect.NativeMethodAccessorImpl.invoke0(Native Method)
at sun.reflect.NativeMethodAccessorImpl.invoke(Unknown Source)
at sun.reflect.DelegatingMethodAccessorImpl.invoke(Unknown Source)
at java.lang.reflect.Method.invoke(Unknown Source)
at org.testng.internal.MethodInvocationHelper.invokeMethod(MethodInvocationHelper.java:124)
at org.testng.internal.Invoker.invokeMethod(Invoker.java:583)
at org.testng.internal.Invoker.invokeTestMethod(Invoker.java:719)
at org.testng.internal.Invoker.invokeTestMethods(Invoker.java:989)
at org.testng.internal.TestMethodWorker.invokeTestMethods(TestMethodWorker.java:125)
at org.testng.internal.TestMethodWorker.run(TestMethodWorker.java:109)
at org.testng.TestRunner.privateRun(TestRunner.java:648)
at org.testng.TestRunner.run(TestRunner.java:505)
at org.testng.SuiteRunner.runTest(SuiteRunner.java:455)
at org.testng.SuiteRunner.runSequentially(SuiteRunner.java:450)
at org.testng.SuiteRunner.privateRun(SuiteRunner.java:415)
at org.testng.SuiteRunner.run(SuiteRunner.java:364)
at org.testng.SuiteRunnerWorker.runSuite(SuiteRunnerWorker.java:52)
at org.testng.SuiteRunnerWorker.run(SuiteRunnerWorker.java:84)
at org.testng.TestNG.runSuitesSequentially(TestNG.java:1208)
at org.testng.TestNG.runSuitesLocally(TestNG.java:1137)
at org.testng.TestNG.runSuites(TestNG.java:1049)
at org.testng.TestNG.run(TestNG.java:1017)
at org.testng.remote.AbstractRemoteTestNG.run(AbstractRemoteTestNG.java:114)
at org.testng.remote.RemoteTestNG.initAndRun(RemoteTestNG.java:251)
at org.testng.remote.RemoteTestNG.main(RemoteTestNG.java:77)
]]>
            </full-stacktrace>
          </exception> <!-- org.openqa.selenium.NoSuchElementException -->
          <reporter-output>
          </reporter-output>
        </test-method> <!-- test -->
        <test-method status="PASS" signature="beforeMethod()[pri:0, instance:org.testngprogram.TestNG2@685cb137]" name="beforeMethod" is-config="true" duration-ms="0" started-at="2020-12-04T02:27:56Z" finished-at="2020-12-04T02:27:56Z">
          <reporter-output>
          </reporter-output>
        </test-method> <!-- beforeMethod -->
        <test-method status="PASS" signature="afterMethod()[pri:0, instance:org.testngprogram.TestNG2@685cb137]" name="afterMethod" is-config="true" duration-ms="1" started-at="2020-12-04T02:27:59Z" finished-at="2020-12-04T02:27:59Z">
          <reporter-output>
          </reporter-output>
        </test-method> <!-- afterMethod -->
        <test-method status="PASS" signature="afterclass()[pri:0, instance:org.testngprogram.TestNG2@685cb137]" name="afterclass" is-config="true" duration-ms="1" started-at="2020-12-04T02:27:59Z" finished-at="2020-12-04T02:27:59Z">
          <reporter-output>
          </reporter-output>
        </test-method> <!-- afterclass -->
      </class> <!-- org.testngprogram.TestNG2 -->
      <class name="org.testngprogram.TestNG4">
        <test-method status="PASS" signature="beforeclass()[pri:0, instance:org.testngprogram.TestNG4@6a4f787b]" name="beforeclass" is-config="true" duration-ms="15359" started-at="2020-12-04T02:27:16Z" finished-at="2020-12-04T02:27:31Z">
          <reporter-output>
          </reporter-output>
        </test-method> <!-- beforeclass -->
        <test-method status="PASS" signature="test()[pri:0, instance:org.testngprogram.TestNG4@6a4f787b]" name="test" duration-ms="9" started-at="2020-12-04T02:27:31Z" finished-at="2020-12-04T02:27:31Z">
          <reporter-output>
          </reporter-output>
        </test-method> <!-- test -->
        <test-method status="PASS" signature="beforeMethod()[pri:0, instance:org.testngprogram.TestNG4@6a4f787b]" name="beforeMethod" is-config="true" duration-ms="0" started-at="2020-12-04T02:27:31Z" finished-at="2020-12-04T02:27:31Z">
          <reporter-output>
          </reporter-output>
        </test-method> <!-- beforeMethod -->
        <test-method status="PASS" signature="afterMethod()[pri:0, instance:org.testngprogram.TestNG4@6a4f787b]" name="afterMethod" is-config="true" duration-ms="1" started-at="2020-12-04T02:27:31Z" finished-at="2020-12-04T02:27:31Z">
          <reporter-output>
          </reporter-output>
        </test-method> <!-- afterMethod -->
        <test-method status="PASS" signature="afterclass()[pri:0, instance:org.testngprogram.TestNG4@6a4f787b]" name="afterclass" is-config="true" duration-ms="0" started-at="2020-12-04T02:27:31Z" finished-at="2020-12-04T02:27:31Z">
          <reporter-output>
          </reporter-output>
        </test-method> <!-- afterclass -->
      </class> <!-- org.testngprogram.TestNG4 -->
      <class name="org.testngprogram.TestNG1">
        <test-method status="PASS" signature="beforeclass()[pri:0, instance:org.testngprogram.TestNG1@7cd62f43]" name="beforeclass" is-config="true" duration-ms="29512" started-at="2020-12-04T02:28:16Z" finished-at="2020-12-04T02:28:45Z">
          <reporter-output>
          </reporter-output>
        </test-method> <!-- beforeclass -->
        <test-method status="FAIL" signature="test()[pri:0, instance:org.testngprogram.TestNG1@7cd62f43]" name="test" duration-ms="1835" started-at="2020-12-04T02:28:45Z" finished-at="2020-12-04T02:28:47Z">
          <exception class="java.lang.AssertionError">
            <message>
              <![CDATA[The following asserts failed:
verify user name expected [nived] but found [nivedha],
verify password expected [23456] but found [1234567]]]>
            </message>
            <full-stacktrace>
              <![CDATA[java.lang.AssertionError: The following asserts failed:
verify user name expected [nived] but found [nivedha],
verify password expected [23456] but found [1234567]
at org.testng.asserts.SoftAssert.assertAll(SoftAssert.java:43)
at org.testngprogram.TestNG1.test(TestNG1.java:58)
at sun.reflect.NativeMethodAccessorImpl.invoke0(Native Method)
at sun.reflect.NativeMethodAccessorImpl.invoke(Unknown Source)
at sun.reflect.DelegatingMethodAccessorImpl.invoke(Unknown Source)
at java.lang.reflect.Method.invoke(Unknown Source)
at org.testng.internal.MethodInvocationHelper.invokeMethod(MethodInvocationHelper.java:124)
at org.testng.internal.Invoker.invokeMethod(Invoker.java:583)
at org.testng.internal.Invoker.invokeTestMethod(Invoker.java:719)
at org.testng.internal.Invoker.invokeTestMethods(Invoker.java:989)
at org.testng.internal.TestMethodWorker.invokeTestMethods(TestMethodWorker.java:125)
at org.testng.internal.TestMethodWorker.run(TestMethodWorker.java:109)
at org.testng.TestRunner.privateRun(TestRunner.java:648)
at org.testng.TestRunner.run(TestRunner.java:505)
at org.testng.SuiteRunner.runTest(SuiteRunner.java:455)
at org.testng.SuiteRunner.runSequentially(SuiteRunner.java:450)
at org.testng.SuiteRunner.privateRun(SuiteRunner.java:415)
at org.testng.SuiteRunner.run(SuiteRunner.java:364)
at org.testng.SuiteRunnerWorker.runSuite(SuiteRunnerWorker.java:52)
at org.testng.SuiteRunnerWorker.run(SuiteRunnerWorker.java:84)
at org.testng.TestNG.runSuitesSequentially(TestNG.java:1208)
at org.testng.TestNG.runSuitesLocally(TestNG.java:1137)
at org.testng.TestNG.runSuites(TestNG.java:1049)
at org.testng.TestNG.run(TestNG.java:1017)
at org.testng.remote.AbstractRemoteTestNG.run(AbstractRemoteTestNG.java:114)
at org.testng.remote.RemoteTestNG.initAndRun(RemoteTestNG.java:251)
at org.testng.remote.RemoteTestNG.main(RemoteTestNG.java:77)
]]>
            </full-stacktrace>
          </exception> <!-- java.lang.AssertionError -->
          <reporter-output>
          </reporter-output>
        </test-method> <!-- test -->
        <test-method status="PASS" signature="beforeMethod()[pri:0, instance:org.testngprogram.TestNG1@7cd62f43]" name="beforeMethod" is-config="true" duration-ms="0" started-at="2020-12-04T02:28:45Z" finished-at="2020-12-04T02:28:45Z">
          <reporter-output>
          </reporter-output>
        </test-method> <!-- beforeMethod -->
        <test-method status="PASS" signature="afterclass()[pri:0, instance:org.testngprogram.TestNG1@7cd62f43]" name="afterclass" is-config="true" duration-ms="0" started-at="2020-12-04T02:28:47Z" finished-at="2020-12-04T02:28:47Z">
          <reporter-output>
          </reporter-output>
        </test-method> <!-- afterclass -->
        <test-method status="PASS" signature="afterMethod()[pri:0, instance:org.testngprogram.TestNG1@7cd62f43]" name="afterMethod" is-config="true" duration-ms="0" started-at="2020-12-04T02:28:47Z" finished-at="2020-12-04T02:28:47Z">
          <reporter-output>
          </reporter-output>
        </test-method> <!-- afterMethod -->
      </class> <!-- org.testngprogram.TestNG1 -->
    </test> <!-- Test -->
  </suite> <!-- Suite -->
</testng-results>
